<?xml version="1.0" encoding="UTF-8"?>
<!-- Generated by org.testng.reporters.JUnitXMLReporter -->
<testsuite ignored="0" hostname="EC2AMAZ-EHR6SVV" failures="0" tests="20" name="Sanity_Test" time="15.193" errors="0" timestamp="2024-12-24T12:03:56 IST">
  <testcase classname="com.notes.CreateNotesCallingBAseClass" name="createNotes" time="0.499"/>
  <testcase classname="com.notes.Create_Notes_All_TCs" name="createNotes_TCS" time="0.84"/>
  <testcase classname="com.notes.CreateNotes" name="createNote" time="0.842"/>
  <testcase classname="com.notes.LogIn_CreateToken" name="getToken" time="0.858"/>
  <testcase classname="com.notes.LogIn_Negative_TCs" name="loginAsExistingUser_TCS" time="0.859"/>
  <testcase classname="com.notes.UpdateNotes" name="createNote" time="0.881"/>
  <testcase classname="com.notes.DeleteNotes" name="createNote" time="0.886"/>
  <testcase classname="com.notes.Delete_All_Notes_Before_Creating" name="createNotes" time="0.959"/>
  <testcase classname="com.notes.Create_Unique_Notes" name="createNotes" time="0.965"/>
  <testcase classname="com.notes.Create_Notes_Using_File_UsingBaseClass" name="createNotes" time="0.969"/>
  <testcase classname="com.notes.Create_Notes_Using_File" name="createNotes" time="0.985"/>
  <testcase classname="com.notes.GET_Soap_Request" name="post_Add_Method" time="1.036"/>
  <testcase classname="com.notes.LogIn_Negative_TCs" name="loginAsExistingUser_TCS" time="0.351"/>
  <testcase classname="com.notes.Create_Notes_All_TCs" name="createNotes_TCS" time="0.478"/>
  <testcase classname="com.notes.UpdateNotes" name="updateNote" time="0.489"/>
  <testcase classname="com.notes.DeleteNotes" name="deleteNotes" time="0.488"/>
  <testcase classname="com.notes.LogIn_Negative_TCs" name="loginAsExistingUser_TCS" time="0.339"/>
  <testcase classname="com.notes.Create_Notes_All_TCs" name="createNotes_TCS" time="0.471"/>
  <testcase classname="com.notes.LogIn_Negative_TCs" name="loginAsExistingUser_TCS" time="0.334"/>
  <testcase classname="com.notes.LogIn_Negative_TCs" name="loginAsExistingUser_TCS" time="0.335"/>
</testsuite> <!-- Sanity_Test -->
