<?xml version="1.0" encoding="UTF-8"?>
<!-- Generated by org.testng.reporters.JUnitXMLReporter -->
<testsuite ignored="0" hostname="EC2AMAZ-EHR6SVV" failures="0" tests="20" name="Sanity_Test" time="14.875" errors="0" timestamp="2024-12-24T12:48:00 IST">
  <testcase classname="com.notes.LogIn_CreateToken" name="getToken" time="0.545"/>
  <testcase classname="com.notes.CreateNotes" name="createNote" time="0.54"/>
  <testcase classname="com.notes.CreateNotesCallingBAseClass" name="createNotes" time="0.545"/>
  <testcase classname="com.notes.UpdateNotes" name="createNote" time="0.565"/>
  <testcase classname="com.notes.DeleteNotes" name="createNote" time="0.633"/>
  <testcase classname="com.notes.Delete_All_Notes_Before_Creating" name="createNotes" time="0.641"/>
  <testcase classname="com.notes.Create_Notes_Using_File" name="createNotes" time="0.644"/>
  <testcase classname="com.notes.Create_Unique_Notes" name="createNotes" time="0.652"/>
  <testcase classname="com.notes.LogIn_Negative_TCs" name="loginAsExistingUser_TCS" time="0.776"/>
  <testcase classname="com.notes.Create_Notes_All_TCs" name="createNotes_TCS" time="0.803"/>
  <testcase classname="com.notes.Create_Notes_Using_File_UsingBaseClass" name="createNotes" time="0.87"/>
  <testcase classname="com.notes.GET_Soap_Request" name="post_Add_Method" time="0.932"/>
  <testcase classname="com.notes.UpdateNotes" name="updateNote" time="0.471"/>
  <testcase classname="com.notes.DeleteNotes" name="deleteNotes" time="0.427"/>
  <testcase classname="com.notes.LogIn_Negative_TCs" name="loginAsExistingUser_TCS" time="0.347"/>
  <testcase classname="com.notes.Create_Notes_All_TCs" name="createNotes_TCS" time="0.495"/>
  <testcase classname="com.notes.LogIn_Negative_TCs" name="loginAsExistingUser_TCS" time="0.352"/>
  <testcase classname="com.notes.Create_Notes_All_TCs" name="createNotes_TCS" time="0.467"/>
  <testcase classname="com.notes.LogIn_Negative_TCs" name="loginAsExistingUser_TCS" time="0.345"/>
  <testcase classname="com.notes.LogIn_Negative_TCs" name="loginAsExistingUser_TCS" time="0.336"/>
</testsuite> <!-- Sanity_Test -->
