<?xml version="1.0" encoding="UTF-8"?>
<!-- Generated by org.testng.reporters.JUnitXMLReporter -->
<testsuite ignored="0" hostname="EC2AMAZ-EHR6SVV" failures="0" tests="4" name="Default test" time="4.644" errors="0" timestamp="2024-12-24T10:00:03 IST">
  <testcase classname="com.notes.All_Soap_Request_Tcs" name="post_operation" time="2.813"/>
  <testcase classname="com.notes.All_Soap_Request_Tcs" name="post_operation" time="0.603"/>
  <testcase classname="com.notes.All_Soap_Request_Tcs" name="post_operation" time="0.593"/>
  <testcase classname="com.notes.All_Soap_Request_Tcs" name="post_operation" time="0.589"/>
</testsuite> <!-- Default test -->
