<?xml version="1.0" encoding="UTF-8"?>
<!-- Generated by org.testng.reporters.JUnitXMLReporter -->
<testsuite ignored="0" hostname="EC2AMAZ-EHR6SVV" failures="0" tests="22" name="Sanity_Test" time="37.528" errors="0" timestamp="2024-12-23T12:38:21 IST">
  <testcase classname="com.notes.Delete_Notes_Using_UI" name="createNotes" time="0.454"/>
  <testcase classname="com.notes.Delete_Notes_Using_UI" name="DeleteNotes" time="14.472"/>
  <testcase classname="com.notes.Create_Notes_All_TCs" name="createNotes_TCS" time="0.455"/>
  <testcase classname="com.notes.Create_Notes_All_TCs" name="createNotes_TCS" time="0.455"/>
  <testcase classname="com.notes.Create_Notes_All_TCs" name="createNotes_TCS" time="0.458"/>
  <testcase classname="com.notes.Create_Notes_Using_File_UsingBaseClass" name="createNotes" time="0.432"/>
  <testcase classname="com.notes.Create_Notes_Using_File" name="createNotes" time="0.422"/>
  <testcase classname="com.notes.Create_Unique_Notes" name="createNotes" time="0.422"/>
  <testcase classname="com.notes.CreateNotes" name="createNote" time="0.438"/>
  <testcase classname="com.notes.CreateNotesCallingBAseClass" name="createNotes" time="0.447"/>
  <testcase classname="com.notes.Delete_All_Notes_Before_Creating" name="createNotes" time="0.436"/>
  <testcase classname="com.notes.DeleteNotes" name="createNote" time="0.472"/>
  <testcase classname="com.notes.DeleteNotes" name="deleteNotes" time="0.413"/>
  <testcase classname="com.notes.GET_Soap_Request" name="post_Add_Method" time="0.704"/>
  <testcase classname="com.notes.LogIn_CreateToken" name="getToken" time="0.494"/>
  <testcase classname="com.notes.LogIn_Negative_TCs" name="loginAsExistingUser_TCS" time="0.456"/>
  <testcase classname="com.notes.LogIn_Negative_TCs" name="loginAsExistingUser_TCS" time="0.332"/>
  <testcase classname="com.notes.LogIn_Negative_TCs" name="loginAsExistingUser_TCS" time="0.322"/>
  <testcase classname="com.notes.LogIn_Negative_TCs" name="loginAsExistingUser_TCS" time="0.308"/>
  <testcase classname="com.notes.LogIn_Negative_TCs" name="loginAsExistingUser_TCS" time="0.31"/>
  <testcase classname="com.notes.UpdateNotes" name="createNote" time="0.44"/>
  <testcase classname="com.notes.UpdateNotes" name="updateNote" time="0.452"/>
</testsuite> <!-- Sanity_Test -->
