<?xml version="1.0" encoding="UTF-8"?>
<!-- Generated by org.testng.reporters.JUnitXMLReporter -->
<testsuite ignored="0" hostname="EC2AMAZ-EHR6SVV" failures="0" tests="25" name="Test" time="24.003" errors="0" timestamp="2024-12-23T10:08:09 IST">
  <testcase classname="com.notes.Create_Notes_All_Negative_TCs2" name="createNotes_TCS" time="0.387"/>
  <testcase classname="com.notes.Create_Notes_All_Negative_TCs2" name="createNotes_TCS" time="0.379"/>
  <testcase classname="com.notes.Create_Notes_All_Negative_TCs2" name="createNotes_TCS" time="0.36"/>
  <testcase classname="com.notes.Create_Notes_All_Negative_TCs2" name="createNotes_TCS" time="0.368"/>
  <testcase classname="com.notes.Create_Notes_All_Negative_TCs2" name="createNotes_TCS" time="0.354"/>
  <testcase classname="com.notes.Create_Notes_All_TCs" name="createNotes_TCS" time="0.434"/>
  <testcase classname="com.notes.Create_Notes_All_TCs" name="createNotes_TCS" time="0.457"/>
  <testcase classname="com.notes.Create_Notes_All_TCs" name="createNotes_TCS" time="0.432"/>
  <testcase classname="com.notes.Create_Notes_Using_File_UsingBaseClass" name="createNotes" time="0.45"/>
  <testcase classname="com.notes.Create_Notes_Using_File" name="createNotes" time="0.436"/>
  <testcase classname="com.notes.Create_Unique_Notes" name="createNotes" time="0.441"/>
  <testcase classname="com.notes.CreateNotes" name="createNote" time="0.444"/>
  <testcase classname="com.notes.CreateNotesCallingBAseClass" name="createNotes" time="0.446"/>
  <testcase classname="com.notes.Delete_All_Notes_Before_Creating" name="createNotes" time="0.459"/>
  <testcase classname="com.notes.DeleteNotes" name="createNote" time="0.45"/>
  <testcase classname="com.notes.DeleteNotes" name="deleteNotes" time="0.428"/>
  <testcase classname="com.notes.GET_Soap_Request" name="post_Add_Method" time="0.725"/>
  <testcase classname="com.notes.LogIn_CreateToken" name="getToken" time="0.478"/>
  <testcase classname="com.notes.LogIn_Negative_TCs" name="loginAsExistingUser_TCS" time="0.48"/>
  <testcase classname="com.notes.LogIn_Negative_TCs" name="loginAsExistingUser_TCS" time="0.338"/>
  <testcase classname="com.notes.LogIn_Negative_TCs" name="loginAsExistingUser_TCS" time="0.334"/>
  <testcase classname="com.notes.LogIn_Negative_TCs" name="loginAsExistingUser_TCS" time="0.335"/>
  <testcase classname="com.notes.LogIn_Negative_TCs" name="loginAsExistingUser_TCS" time="0.324"/>
  <testcase classname="com.notes.UpdateNotes" name="createNote" time="0.462"/>
  <testcase classname="com.notes.UpdateNotes" name="updateNote" time="0.424"/>
</testsuite> <!-- Test -->
