<?xml version="1.0" encoding="UTF-8"?>
<testng-results ignored="0" total="4" passed="4" failed="0" skipped="0">
  <reporter-output>
  </reporter-output>
  <suite started-at="2024-12-24T09:59:58 IST" name="Default suite" finished-at="2024-12-24T10:00:03 IST" duration-ms="4644">
    <groups>
    </groups>
    <test started-at="2024-12-24T09:59:58 IST" name="Default test" finished-at="2024-12-24T10:00:03 IST" duration-ms="4644">
      <class name="com.notes.All_Soap_Request_Tcs">
        <test-method signature="post_operation(java.lang.String,java.lang.String,java.lang.String)[pri:0, instance:com.notes.All_Soap_Request_Tcs@2f9f7dcf]" started-at="2024-12-24T09:59:58 IST" name="post_operation" data-provider="All_Soap_Requests_tcs" finished-at="2024-12-24T10:00:01 IST" duration-ms="2813" status="PASS">
          <params>
            <param index="0">
              <value>
                <![CDATA[AddResult]]>
              </value>
            </param>
            <param index="1">
              <value>
                <![CDATA[SoapAddRequestFile.xml]]>
              </value>
            </param>
            <param index="2">
              <value>
                <![CDATA[10]]>
              </value>
            </param>
          </params>
          <reporter-output>
          </reporter-output>
        </test-method> <!-- post_operation -->
        <test-method signature="post_operation(java.lang.String,java.lang.String,java.lang.String)[pri:0, instance:com.notes.All_Soap_Request_Tcs@2f9f7dcf]" started-at="2024-12-24T10:00:01 IST" name="post_operation" data-provider="All_Soap_Requests_tcs" finished-at="2024-12-24T10:00:02 IST" duration-ms="603" status="PASS">
          <params>
            <param index="0">
              <value>
                <![CDATA[SubtractResult]]>
              </value>
            </param>
            <param index="1">
              <value>
                <![CDATA[SoapSubtractRequestFile.xml]]>
              </value>
            </param>
            <param index="2">
              <value>
                <![CDATA[5]]>
              </value>
            </param>
          </params>
          <reporter-output>
          </reporter-output>
        </test-method> <!-- post_operation -->
        <test-method signature="post_operation(java.lang.String,java.lang.String,java.lang.String)[pri:0, instance:com.notes.All_Soap_Request_Tcs@2f9f7dcf]" started-at="2024-12-24T10:00:02 IST" name="post_operation" data-provider="All_Soap_Requests_tcs" finished-at="2024-12-24T10:00:02 IST" duration-ms="593" status="PASS">
          <params>
            <param index="0">
              <value>
                <![CDATA[MultiplyResult]]>
              </value>
            </param>
            <param index="1">
              <value>
                <![CDATA[SoapMultiplyRequestFile.xml]]>
              </value>
            </param>
            <param index="2">
              <value>
                <![CDATA[25]]>
              </value>
            </param>
          </params>
          <reporter-output>
          </reporter-output>
        </test-method> <!-- post_operation -->
        <test-method signature="post_operation(java.lang.String,java.lang.String,java.lang.String)[pri:0, instance:com.notes.All_Soap_Request_Tcs@2f9f7dcf]" started-at="2024-12-24T10:00:02 IST" name="post_operation" data-provider="All_Soap_Requests_tcs" finished-at="2024-12-24T10:00:03 IST" duration-ms="589" status="PASS">
          <params>
            <param index="0">
              <value>
                <![CDATA[DivideResult]]>
              </value>
            </param>
            <param index="1">
              <value>
                <![CDATA[SoapDivideRequestFile.xml]]>
              </value>
            </param>
            <param index="2">
              <value>
                <![CDATA[2]]>
              </value>
            </param>
          </params>
          <reporter-output>
          </reporter-output>
        </test-method> <!-- post_operation -->
      </class> <!-- com.notes.All_Soap_Request_Tcs -->
    </test> <!-- Default test -->
  </suite> <!-- Default suite -->
</testng-results>
