<?xml version="1.0" encoding="UTF-8"?>
<!-- Generated by org.testng.reporters.JUnitXMLReporter -->
<testsuite ignored="0" hostname="EC2AMAZ-EHR6SVV" failures="0" tests="22" name="Sanity_Test" time="29.282" errors="0" timestamp="2024-12-23T12:45:40 IST">
  <testcase classname="com.notes.LogIn_CreateToken" name="getToken" time="0.535"/>
  <testcase classname="com.notes.UpdateNotes" name="createNote" time="0.603"/>
  <testcase classname="com.notes.CreateNotes" name="createNote" time="0.609"/>
  <testcase classname="com.notes.CreateNotesCallingBAseClass" name="createNotes" time="0.615"/>
  <testcase classname="com.notes.Create_Notes_All_TCs" name="createNotes_TCS" time="0.624"/>
  <testcase classname="com.notes.DeleteNotes" name="createNote" time="0.639"/>
  <testcase classname="com.notes.Delete_All_Notes_Before_Creating" name="createNotes" time="0.68"/>
  <testcase classname="com.notes.Delete_Notes_Using_UI" name="createNotes" time="0.737"/>
  <testcase classname="com.notes.Create_Unique_Notes" name="createNotes" time="0.751"/>
  <testcase classname="com.notes.Create_Notes_Using_File" name="createNotes" time="0.837"/>
  <testcase classname="com.notes.LogIn_Negative_TCs" name="loginAsExistingUser_TCS" time="0.856"/>
  <testcase classname="com.notes.Create_Notes_Using_File_UsingBaseClass" name="createNotes" time="0.882"/>
  <testcase classname="com.notes.GET_Soap_Request" name="post_Add_Method" time="1.045"/>
  <testcase classname="com.notes.UpdateNotes" name="updateNote" time="0.483"/>
  <testcase classname="com.notes.DeleteNotes" name="deleteNotes" time="0.451"/>
  <testcase classname="com.notes.Create_Notes_All_TCs" name="createNotes_TCS" time="0.483"/>
  <testcase classname="com.notes.LogIn_Negative_TCs" name="loginAsExistingUser_TCS" time="0.372"/>
  <testcase classname="com.notes.Create_Notes_All_TCs" name="createNotes_TCS" time="0.441"/>
  <testcase classname="com.notes.LogIn_Negative_TCs" name="loginAsExistingUser_TCS" time="0.332"/>
  <testcase classname="com.notes.LogIn_Negative_TCs" name="loginAsExistingUser_TCS" time="0.331"/>
  <testcase classname="com.notes.LogIn_Negative_TCs" name="loginAsExistingUser_TCS" time="0.351"/>
  <testcase classname="com.notes.Delete_Notes_Using_UI" name="DeleteNotes" time="14.915"/>
</testsuite> <!-- Sanity_Test -->
