<?xml version="1.0" encoding="UTF-8"?>
<!-- Generated by org.testng.reporters.JUnitXMLReporter -->
<testsuite ignored="0" hostname="EC2AMAZ-EHR6SVV" failures="0" tests="20" name="Sanity_Test" time="14.601" errors="0" timestamp="2024-12-24T11:20:45 IST">
  <testcase classname="com.notes.LogIn_CreateToken" name="getToken" time="0.709"/>
  <testcase classname="com.notes.UpdateNotes" name="createNote" time="0.72"/>
  <testcase classname="com.notes.CreateNotes" name="createNote" time="0.71"/>
  <testcase classname="com.notes.CreateNotesCallingBAseClass" name="createNotes" time="0.714"/>
  <testcase classname="com.notes.DeleteNotes" name="createNote" time="0.746"/>
  <testcase classname="com.notes.Create_Notes_All_TCs" name="createNotes_TCS" time="0.764"/>
  <testcase classname="com.notes.LogIn_Negative_TCs" name="loginAsExistingUser_TCS" time="0.785"/>
  <testcase classname="com.notes.Create_Unique_Notes" name="createNotes" time="0.786"/>
  <testcase classname="com.notes.Create_Notes_Using_File" name="createNotes" time="0.81"/>
  <testcase classname="com.notes.Delete_All_Notes_Before_Creating" name="createNotes" time="0.847"/>
  <testcase classname="com.notes.Create_Notes_Using_File_UsingBaseClass" name="createNotes" time="0.877"/>
  <testcase classname="com.notes.GET_Soap_Request" name="post_Add_Method" time="1.021"/>
  <testcase classname="com.notes.LogIn_Negative_TCs" name="loginAsExistingUser_TCS" time="0.343"/>
  <testcase classname="com.notes.DeleteNotes" name="deleteNotes" time="0.465"/>
  <testcase classname="com.notes.UpdateNotes" name="updateNote" time="0.492"/>
  <testcase classname="com.notes.Create_Notes_All_TCs" name="createNotes_TCS" time="0.5"/>
  <testcase classname="com.notes.LogIn_Negative_TCs" name="loginAsExistingUser_TCS" time="0.333"/>
  <testcase classname="com.notes.Create_Notes_All_TCs" name="createNotes_TCS" time="0.444"/>
  <testcase classname="com.notes.LogIn_Negative_TCs" name="loginAsExistingUser_TCS" time="0.33"/>
  <testcase classname="com.notes.LogIn_Negative_TCs" name="loginAsExistingUser_TCS" time="0.33"/>
</testsuite> <!-- Sanity_Test -->
